<?xml version="1.0" encoding="UTF-8"?>
<!-- Generated by org.testng.reporters.JUnitReportReporter -->
<testsuite hostname="Chandani" name="testcases.HandleAuthe" tests="1" failures="0" timestamp="24 Jul 2019 02:22:08 GMT" time="50.249" errors="0">
  <testcase name="loginSucess" time="50.249" classname="testcases.HandleAuthe"/>
</testsuite> <!-- testcases.HandleAuthe -->
