<?xml version="1.0" encoding="UTF-8"?>
<!-- Generated by org.testng.reporters.JUnitReportReporter -->
<testsuite hostname="Chandani" name="unitTest.TestBrowsers" tests="1" failures="0" timestamp="13 Jul 2019 03:25:00 GMT" time="5.006" errors="0">
  <testcase name="test3" time="5.006" classname="unitTest.TestBrowsers"/>
</testsuite> <!-- unitTest.TestBrowsers -->
