<?xml version="1.0" encoding="UTF-8"?>
<!-- Generated by org.testng.reporters.JUnitReportReporter -->
<testsuite hostname="INLN56598923A" name="testcases.LoginScenario" tests="3" failures="0" timestamp="20 Aug 2019 15:00:15 GMT" time="45.129" errors="0">
  <testcase name="loginSucess" time="15.081" classname="testcases.LoginScenario"/>
  <testcase name="loginSucess" time="15.013" classname="testcases.LoginScenario"/>
  <testcase name="loginSucess" time="15.035" classname="testcases.LoginScenario"/>
</testsuite> <!-- testcases.LoginScenario -->
