<?xml version="1.0" encoding="UTF-8"?>
<!-- Generated by org.testng.reporters.JUnitReportReporter -->
<testsuite hostname="Chandani" name="unitTest.ExcelUnitTest" tests="1" failures="0" timestamp="13 Jul 2019 03:43:01 GMT" time="1.166" errors="0">
  <testcase name="testData" time="1.166" classname="unitTest.ExcelUnitTest"/>
</testsuite> <!-- unitTest.ExcelUnitTest -->
