<?xml version="1.0" encoding="UTF-8"?>
<!-- Generated by org.testng.reporters.JUnitReportReporter -->
<testsuite hostname="Chandani" name="testcases.UploadFileScenario" tests="1" failures="0" timestamp="24 Jul 2019 02:03:02 GMT" time="5.134" errors="0">
  <testcase name="loginSucess" time="5.134" classname="testcases.UploadFileScenario"/>
</testsuite> <!-- testcases.UploadFileScenario -->
