<?xml version="1.0" encoding="UTF-8"?>
<!-- Generated by org.testng.reporters.JUnitReportReporter -->
<testsuite hostname="Chandani" name="testcases.CreateExtentReport" tests="1" failures="0" timestamp="14 Jul 2019 03:38:43 GMT" time="11.882" errors="0">
  <testcase name="test1" time="11.882" classname="testcases.CreateExtentReport"/>
</testsuite> <!-- testcases.CreateExtentReport -->
