<?xml version="1.0" encoding="UTF-8"?>
<!-- Generated by org.testng.reporters.JUnitReportReporter -->
<testsuite hostname="INLN56598923A" name="testcases.AppiumDemo1" tests="1" failures="0" timestamp="21 Aug 2019 09:18:31 GMT" time="59.343" errors="0">
  <testcase name="demo1" time="59.343" classname="testcases.AppiumDemo1"/>
</testsuite> <!-- testcases.AppiumDemo1 -->
